Added Component: Designator=AP1(SOT-23-5)
Add component. Clean all parameters for all variants
Added Component: Designator=C1(1608[0603])
Add component. Clean all parameters for all variants
Add component (AddParameter): Name = "LatestRevisionDate"; Value = "29-May-2009"; VariantName = "[No Variations]"
Add component (AddParameter): Name = "LatestRevisionNote"; Value = "IPC-7351 Footprint Added."; VariantName = "[No Variations]"
Add component (AddParameter): Name = "PackageDescription"; Value = "Chip Capacitor"; VariantName = "[No Variations]"
Add component (AddParameter): Name = "PackageReference"; Value = "C1206"; VariantName = "[No Variations]"
Add component (AddParameter): Name = "Published"; Value = "8-Jun-2000"; VariantName = "[No Variations]"
Add component (AddParameter): Name = "Publisher"; Value = "Altium Limited"; VariantName = "[No Variations]"
Add component (AddParameter): Name = "Value"; Value = "20pF"; VariantName = "[No Variations]"
Added Component: Designator=C2(1608[0603])
Add component. Clean all parameters for all variants
Add component (AddParameter): Name = "LatestRevisionDate"; Value = "29-May-2009"; VariantName = "[No Variations]"
Add component (AddParameter): Name = "LatestRevisionNote"; Value = "IPC-7351 Footprint Added."; VariantName = "[No Variations]"
Add component (AddParameter): Name = "PackageDescription"; Value = "Chip Capacitor"; VariantName = "[No Variations]"
Add component (AddParameter): Name = "PackageReference"; Value = "C1206"; VariantName = "[No Variations]"
Add component (AddParameter): Name = "Published"; Value = "8-Jun-2000"; VariantName = "[No Variations]"
Add component (AddParameter): Name = "Publisher"; Value = "Altium Limited"; VariantName = "[No Variations]"
Add component (AddParameter): Name = "Value"; Value = "20pF"; VariantName = "[No Variations]"
Added Component: Designator=C3(1608[0603])
Add component. Clean all parameters for all variants
Add component (AddParameter): Name = "LatestRevisionDate"; Value = "29-May-2009"; VariantName = "[No Variations]"
Add component (AddParameter): Name = "LatestRevisionNote"; Value = "IPC-7351 Footprint Added."; VariantName = "[No Variations]"
Add component (AddParameter): Name = "PackageDescription"; Value = "Chip Capacitor"; VariantName = "[No Variations]"
Add component (AddParameter): Name = "PackageReference"; Value = "C1206"; VariantName = "[No Variations]"
Add component (AddParameter): Name = "Published"; Value = "8-Jun-2000"; VariantName = "[No Variations]"
Add component (AddParameter): Name = "Publisher"; Value = "Altium Limited"; VariantName = "[No Variations]"
Add component (AddParameter): Name = "Value"; Value = "1uF"; VariantName = "[No Variations]"
Added Component: Designator=C4(1608[0603])
Add component. Clean all parameters for all variants
Add component (AddParameter): Name = "LatestRevisionDate"; Value = "29-May-2009"; VariantName = "[No Variations]"
Add component (AddParameter): Name = "LatestRevisionNote"; Value = "IPC-7351 Footprint Added."; VariantName = "[No Variations]"
Add component (AddParameter): Name = "PackageDescription"; Value = "Chip Capacitor"; VariantName = "[No Variations]"
Add component (AddParameter): Name = "PackageReference"; Value = "C1206"; VariantName = "[No Variations]"
Add component (AddParameter): Name = "Published"; Value = "8-Jun-2000"; VariantName = "[No Variations]"
Add component (AddParameter): Name = "Publisher"; Value = "Altium Limited"; VariantName = "[No Variations]"
Add component (AddParameter): Name = "Value"; Value = "20pF"; VariantName = "[No Variations]"
Added Component: Designator=C5(1608[0603])
Add component. Clean all parameters for all variants
Add component (AddParameter): Name = "LatestRevisionDate"; Value = "29-May-2009"; VariantName = "[No Variations]"
Add component (AddParameter): Name = "LatestRevisionNote"; Value = "IPC-7351 Footprint Added."; VariantName = "[No Variations]"
Add component (AddParameter): Name = "PackageDescription"; Value = "Chip Capacitor"; VariantName = "[No Variations]"
Add component (AddParameter): Name = "PackageReference"; Value = "C1206"; VariantName = "[No Variations]"
Add component (AddParameter): Name = "Published"; Value = "8-Jun-2000"; VariantName = "[No Variations]"
Add component (AddParameter): Name = "Publisher"; Value = "Altium Limited"; VariantName = "[No Variations]"
Add component (AddParameter): Name = "Value"; Value = "20pF"; VariantName = "[No Variations]"
Added Component: Designator=C6(1608[0603])
Add component. Clean all parameters for all variants
Add component (AddParameter): Name = "LatestRevisionDate"; Value = "29-May-2009"; VariantName = "[No Variations]"
Add component (AddParameter): Name = "LatestRevisionNote"; Value = "IPC-7351 Footprint Added."; VariantName = "[No Variations]"
Add component (AddParameter): Name = "PackageDescription"; Value = "Chip Capacitor"; VariantName = "[No Variations]"
Add component (AddParameter): Name = "PackageReference"; Value = "C1206"; VariantName = "[No Variations]"
Add component (AddParameter): Name = "Published"; Value = "8-Jun-2000"; VariantName = "[No Variations]"
Add component (AddParameter): Name = "Publisher"; Value = "Altium Limited"; VariantName = "[No Variations]"
Add component (AddParameter): Name = "Value"; Value = "1uF"; VariantName = "[No Variations]"
Added Component: Designator=C7(1608[0603])
Add component. Clean all parameters for all variants
Add component (AddParameter): Name = "LatestRevisionDate"; Value = "29-May-2009"; VariantName = "[No Variations]"
Add component (AddParameter): Name = "LatestRevisionNote"; Value = "IPC-7351 Footprint Added."; VariantName = "[No Variations]"
Add component (AddParameter): Name = "PackageDescription"; Value = "Chip Capacitor"; VariantName = "[No Variations]"
Add component (AddParameter): Name = "PackageReference"; Value = "C1206"; VariantName = "[No Variations]"
Add component (AddParameter): Name = "Published"; Value = "8-Jun-2000"; VariantName = "[No Variations]"
Add component (AddParameter): Name = "Publisher"; Value = "Altium Limited"; VariantName = "[No Variations]"
Add component (AddParameter): Name = "Value"; Value = "0.1uF"; VariantName = "[No Variations]"
Added Component: Designator=C8(1608[0603])
Add component. Clean all parameters for all variants
Add component (AddParameter): Name = "LatestRevisionDate"; Value = "29-May-2009"; VariantName = "[No Variations]"
Add component (AddParameter): Name = "LatestRevisionNote"; Value = "IPC-7351 Footprint Added."; VariantName = "[No Variations]"
Add component (AddParameter): Name = "PackageDescription"; Value = "Chip Capacitor"; VariantName = "[No Variations]"
Add component (AddParameter): Name = "PackageReference"; Value = "C1206"; VariantName = "[No Variations]"
Add component (AddParameter): Name = "Published"; Value = "8-Jun-2000"; VariantName = "[No Variations]"
Add component (AddParameter): Name = "Publisher"; Value = "Altium Limited"; VariantName = "[No Variations]"
Add component (AddParameter): Name = "Value"; Value = "1uF"; VariantName = "[No Variations]"
Added Component: Designator=LED1(SMD-0603_LED)
Add component. Clean all parameters for all variants
Added Component: Designator=LED2(SMD-0603_LED)
Add component. Clean all parameters for all variants
Added Component: Designator=LED3(SMD-0603_LED)
Add component. Clean all parameters for all variants
Added Component: Designator=LED4(SMD-0603_LED)
Add component. Clean all parameters for all variants
Added Component: Designator=NRF*1(NRF24L01_with_Antenna)
Add component. Clean all parameters for all variants
Added Component: Designator=P1(HDR1X2)
Add component. Clean all parameters for all variants
Add component (AddParameter): Name = "LatestRevisionDate"; Value = "17-Jul-2002"; VariantName = "[No Variations]"
Add component (AddParameter): Name = "LatestRevisionNote"; Value = "Re-released for DXP Platform."; VariantName = "[No Variations]"
Add component (AddParameter): Name = "Publisher"; Value = "Altium Limited"; VariantName = "[No Variations]"
Added Component: Designator=P2(MHDR1X5)
Add component. Clean all parameters for all variants
Add component (AddParameter): Name = "LatestRevisionDate"; Value = "17-Jul-2002"; VariantName = "[No Variations]"
Add component (AddParameter): Name = "LatestRevisionNote"; Value = "Re-released for DXP Platform."; VariantName = "[No Variations]"
Add component (AddParameter): Name = "Publisher"; Value = "Altium Limited"; VariantName = "[No Variations]"
Added Component: Designator=R1(J1-0603)
Add component. Clean all parameters for all variants
Add component (AddParameter): Name = "LatestRevisionDate"; Value = "29-May-2009"; VariantName = "[No Variations]"
Add component (AddParameter): Name = "LatestRevisionNote"; Value = "IPC-7351 Footprint Added."; VariantName = "[No Variations]"
Add component (AddParameter): Name = "PackageDescription"; Value = "Chip Resistor"; VariantName = "[No Variations]"
Add component (AddParameter): Name = "PackageReference"; Value = "J1-0603"; VariantName = "[No Variations]"
Add component (AddParameter): Name = "Published"; Value = "8-Jun-2000"; VariantName = "[No Variations]"
Add component (AddParameter): Name = "Publisher"; Value = "Altium Limited"; VariantName = "[No Variations]"
Add component (AddParameter): Name = "Value"; Value = "10K"; VariantName = "[No Variations]"
Added Component: Designator=R2(J1-0603)
Add component. Clean all parameters for all variants
Add component (AddParameter): Name = "LatestRevisionDate"; Value = "29-May-2009"; VariantName = "[No Variations]"
Add component (AddParameter): Name = "LatestRevisionNote"; Value = "IPC-7351 Footprint Added."; VariantName = "[No Variations]"
Add component (AddParameter): Name = "PackageDescription"; Value = "Chip Resistor"; VariantName = "[No Variations]"
Add component (AddParameter): Name = "PackageReference"; Value = "J1-0603"; VariantName = "[No Variations]"
Add component (AddParameter): Name = "Published"; Value = "8-Jun-2000"; VariantName = "[No Variations]"
Add component (AddParameter): Name = "Publisher"; Value = "Altium Limited"; VariantName = "[No Variations]"
Add component (AddParameter): Name = "Value"; Value = "10K"; VariantName = "[No Variations]"
Added Component: Designator=R3(J1-0603)
Add component. Clean all parameters for all variants
Add component (AddParameter): Name = "LatestRevisionDate"; Value = "29-May-2009"; VariantName = "[No Variations]"
Add component (AddParameter): Name = "LatestRevisionNote"; Value = "IPC-7351 Footprint Added."; VariantName = "[No Variations]"
Add component (AddParameter): Name = "PackageDescription"; Value = "Chip Resistor"; VariantName = "[No Variations]"
Add component (AddParameter): Name = "PackageReference"; Value = "J1-0603"; VariantName = "[No Variations]"
Add component (AddParameter): Name = "Published"; Value = "8-Jun-2000"; VariantName = "[No Variations]"
Add component (AddParameter): Name = "Publisher"; Value = "Altium Limited"; VariantName = "[No Variations]"
Add component (AddParameter): Name = "Value"; Value = "10K"; VariantName = "[No Variations]"
Added Component: Designator=R4(J1-0603)
Add component. Clean all parameters for all variants
Add component (AddParameter): Name = "LatestRevisionDate"; Value = "29-May-2009"; VariantName = "[No Variations]"
Add component (AddParameter): Name = "LatestRevisionNote"; Value = "IPC-7351 Footprint Added."; VariantName = "[No Variations]"
Add component (AddParameter): Name = "PackageDescription"; Value = "Chip Resistor"; VariantName = "[No Variations]"
Add component (AddParameter): Name = "PackageReference"; Value = "J1-0603"; VariantName = "[No Variations]"
Add component (AddParameter): Name = "Published"; Value = "8-Jun-2000"; VariantName = "[No Variations]"
Add component (AddParameter): Name = "Publisher"; Value = "Altium Limited"; VariantName = "[No Variations]"
Add component (AddParameter): Name = "Value"; Value = "10K"; VariantName = "[No Variations]"
Added Component: Designator=R5(J1-0603)
Add component. Clean all parameters for all variants
Add component (AddParameter): Name = "LatestRevisionDate"; Value = "29-May-2009"; VariantName = "[No Variations]"
Add component (AddParameter): Name = "LatestRevisionNote"; Value = "IPC-7351 Footprint Added."; VariantName = "[No Variations]"
Add component (AddParameter): Name = "PackageDescription"; Value = "Chip Resistor"; VariantName = "[No Variations]"
Add component (AddParameter): Name = "PackageReference"; Value = "J1-0603"; VariantName = "[No Variations]"
Add component (AddParameter): Name = "Published"; Value = "8-Jun-2000"; VariantName = "[No Variations]"
Add component (AddParameter): Name = "Publisher"; Value = "Altium Limited"; VariantName = "[No Variations]"
Add component (AddParameter): Name = "Value"; Value = "10K"; VariantName = "[No Variations]"
Added Component: Designator=R6(J1-0603)
Add component. Clean all parameters for all variants
Add component (AddParameter): Name = "LatestRevisionDate"; Value = "29-May-2009"; VariantName = "[No Variations]"
Add component (AddParameter): Name = "LatestRevisionNote"; Value = "IPC-7351 Footprint Added."; VariantName = "[No Variations]"
Add component (AddParameter): Name = "PackageDescription"; Value = "Chip Resistor"; VariantName = "[No Variations]"
Add component (AddParameter): Name = "PackageReference"; Value = "J1-0603"; VariantName = "[No Variations]"
Add component (AddParameter): Name = "Published"; Value = "8-Jun-2000"; VariantName = "[No Variations]"
Add component (AddParameter): Name = "Publisher"; Value = "Altium Limited"; VariantName = "[No Variations]"
Add component (AddParameter): Name = "Value"; Value = "100K"; VariantName = "[No Variations]"
Added Component: Designator=RST1(TACK-SW_SMD 2P 4x3mm_2)
Add component. Clean all parameters for all variants
Added Component: Designator=U1(MCU_LQFP_64_7x7)
Add component. Clean all parameters for all variants
Add component (AddParameter): Name = "NUC240SE3AE"; Value = ""; VariantName = "[No Variations]"
Add component (AddParameter): Name = "OriginalSymbolOrigin"; Value = "(0,0)"; VariantName = "[No Variations]"
Added Component: Designator=USB1(USB_Type-A_P_Thru-Hole)
Add component. Clean all parameters for all variants
Added Component: Designator=X1(2520S)
Add component. Clean all parameters for all variants
Add component (AddParameter): Name = "Value"; Value = "12M"; VariantName = "[No Variations]"
Added Component: Designator=X2(FC-135)
Add component. Clean all parameters for all variants
Add component (AddParameter): Name = "Value"; Value = "32.768k"; VariantName = "[No Variations]"
Added Pin To Net: NetName=D12I Pin=C4-1
Added Pin To Net: NetName=D12I Pin=U1-59
Added Pin To Net: NetName=D12I Pin=X1-2
Added Net: Name=D12I
Added Pin To Net: NetName=D12O Pin=C1-1
Added Pin To Net: NetName=D12O Pin=U1-58
Added Pin To Net: NetName=D12O Pin=X1-1
Added Net: Name=D12O
Added Pin To Net: NetName=D+ Pin=U1-20
Added Pin To Net: NetName=D+ Pin=USB1-3
Added Net: Name=D+
Added Pin To Net: NetName=D- Pin=U1-19
Added Pin To Net: NetName=D- Pin=USB1-2
Added Net: Name=D-
Added Pin To Net: NetName=DVBUS Pin=AP1-1
Added Pin To Net: NetName=DVBUS Pin=R6-1
Added Pin To Net: NetName=DVBUS Pin=U1-17
Added Pin To Net: NetName=DVBUS Pin=USB1-1
Added Net: Name=DVBUS
Added Pin To Net: NetName=GND Pin=AP1-2
Added Pin To Net: NetName=GND Pin=C1-2
Added Pin To Net: NetName=GND Pin=C2-2
Added Pin To Net: NetName=GND Pin=C3-1
Added Pin To Net: NetName=GND Pin=C4-2
Added Pin To Net: NetName=GND Pin=C5-2
Added Pin To Net: NetName=GND Pin=C6-1
Added Pin To Net: NetName=GND Pin=C7-1
Added Pin To Net: NetName=GND Pin=C8-1
Added Pin To Net: NetName=GND Pin=NRF*1-2
Added Pin To Net: NetName=GND Pin=NRF*1-2
Added Pin To Net: NetName=GND Pin=NRF*1-2
Added Pin To Net: NetName=GND Pin=NRF*1-2
Added Pin To Net: NetName=GND Pin=P2-5
Added Pin To Net: NetName=GND Pin=RST1-2
Added Pin To Net: NetName=GND Pin=RST1-2
Added Pin To Net: NetName=GND Pin=U1-16
Added Pin To Net: NetName=GND Pin=U1-43
Added Pin To Net: NetName=GND Pin=U1-61
Added Pin To Net: NetName=GND Pin=U1-63
Added Pin To Net: NetName=GND Pin=USB1-4
Added Net: Name=GND
Added Pin To Net: NetName=ICE_CLK Pin=P2-3
Added Pin To Net: NetName=ICE_CLK Pin=U1-42
Added Net: Name=ICE_CLK
Added Pin To Net: NetName=ICE_DAT Pin=P2-2
Added Pin To Net: NetName=ICE_DAT Pin=U1-41
Added Net: Name=ICE_DAT
Added Pin To Net: NetName=LED1 Pin=R1-2
Added Pin To Net: NetName=LED1 Pin=U1-23
Added Net: Name=LED1
Added Pin To Net: NetName=LED2 Pin=R2-2
Added Pin To Net: NetName=LED2 Pin=U1-24
Added Net: Name=LED2
Added Pin To Net: NetName=LED3 Pin=R3-2
Added Pin To Net: NetName=LED3 Pin=U1-25
Added Net: Name=LED3
Added Pin To Net: NetName=LED4 Pin=R4-2
Added Pin To Net: NetName=LED4 Pin=U1-26
Added Net: Name=LED4
Added Pin To Net: NetName=NetAP1_3 Pin=AP1-3
Added Pin To Net: NetName=NetAP1_3 Pin=R6-2
Added Net: Name=NetAP1_3
Added Pin To Net: NetName=NetC3_2 Pin=C3-2
Added Pin To Net: NetName=NetC3_2 Pin=U1-18
Added Net: Name=NetC3_2
Added Pin To Net: NetName=NetC8_2 Pin=C8-2
Added Pin To Net: NetName=NetC8_2 Pin=U1-14
Added Net: Name=NetC8_2
Added Pin To Net: NetName=NetLED1_2 Pin=LED1-2
Added Pin To Net: NetName=NetLED1_2 Pin=R1-1
Added Net: Name=NetLED1_2
Added Pin To Net: NetName=NetLED2_2 Pin=LED2-2
Added Pin To Net: NetName=NetLED2_2 Pin=R2-1
Added Net: Name=NetLED2_2
Added Pin To Net: NetName=NetLED3_2 Pin=LED3-2
Added Pin To Net: NetName=NetLED3_2 Pin=R3-1
Added Net: Name=NetLED3_2
Added Pin To Net: NetName=NetLED4_2 Pin=LED4-2
Added Pin To Net: NetName=NetLED4_2 Pin=R4-1
Added Net: Name=NetLED4_2
Added Pin To Net: NetName=NRF_CE Pin=NRF*1-3
Added Pin To Net: NetName=NRF_CE Pin=NRF*1-3
Added Pin To Net: NetName=NRF_CE Pin=U1-37
Added Net: Name=NRF_CE
Added Pin To Net: NetName=NRF_IRQ Pin=NRF*1-8
Added Pin To Net: NetName=NRF_IRQ Pin=NRF*1-8
Added Pin To Net: NetName=NRF_IRQ Pin=U1-57
Added Net: Name=NRF_IRQ
Added Pin To Net: NetName=RESET Pin=C7-2
Added Pin To Net: NetName=RESET Pin=P2-4
Added Pin To Net: NetName=RESET Pin=R5-2
Added Pin To Net: NetName=RESET Pin=RST1-1
Added Pin To Net: NetName=RESET Pin=RST1-1
Added Pin To Net: NetName=RESET Pin=U1-60
Added Net: Name=RESET
Added Pin To Net: NetName=SPI1_CLK Pin=NRF*1-5
Added Pin To Net: NetName=SPI1_CLK Pin=NRF*1-5
Added Pin To Net: NetName=SPI1_CLK Pin=U1-35
Added Net: Name=SPI1_CLK
Added Pin To Net: NetName=SPI1_CSN Pin=NRF*1-4
Added Pin To Net: NetName=SPI1_CSN Pin=NRF*1-4
Added Pin To Net: NetName=SPI1_CSN Pin=U1-36
Added Net: Name=SPI1_CSN
Added Pin To Net: NetName=SPI1_MISO Pin=NRF*1-7
Added Pin To Net: NetName=SPI1_MISO Pin=NRF*1-7
Added Pin To Net: NetName=SPI1_MISO Pin=U1-34
Added Net: Name=SPI1_MISO
Added Pin To Net: NetName=SPI1_MOSI Pin=NRF*1-6
Added Pin To Net: NetName=SPI1_MOSI Pin=NRF*1-6
Added Pin To Net: NetName=SPI1_MOSI Pin=U1-33
Added Net: Name=SPI1_MOSI
Added Pin To Net: NetName=UART_0_RX Pin=P1-1
Added Pin To Net: NetName=UART_0_RX Pin=U1-21
Added Net: Name=UART_0_RX
Added Pin To Net: NetName=UART_0_TX Pin=P1-2
Added Pin To Net: NetName=UART_0_TX Pin=U1-22
Added Net: Name=UART_0_TX
Added Pin To Net: NetName=VDD_33 Pin=AP1-5
Added Pin To Net: NetName=VDD_33 Pin=C6-2
Added Pin To Net: NetName=VDD_33 Pin=LED1-1
Added Pin To Net: NetName=VDD_33 Pin=LED2-1
Added Pin To Net: NetName=VDD_33 Pin=LED3-1
Added Pin To Net: NetName=VDD_33 Pin=LED4-1
Added Pin To Net: NetName=VDD_33 Pin=NRF*1-1
Added Pin To Net: NetName=VDD_33 Pin=NRF*1-1
Added Pin To Net: NetName=VDD_33 Pin=P2-1
Added Pin To Net: NetName=VDD_33 Pin=R5-1
Added Pin To Net: NetName=VDD_33 Pin=U1-15
Added Pin To Net: NetName=VDD_33 Pin=U1-62
Added Net: Name=VDD_33
Added Pin To Net: NetName=X32I Pin=C5-1
Added Pin To Net: NetName=X32I Pin=U1-5
Added Pin To Net: NetName=X32I Pin=X2-2
Added Net: Name=X32I
Added Pin To Net: NetName=X32O Pin=C2-1
Added Pin To Net: NetName=X32O Pin=U1-4
Added Pin To Net: NetName=X32O Pin=X2-1
Added Net: Name=X32O
Added Class: Name=Sheet1
Added Room: Name=Sheet1
