Replace Part AP1 AP2112 in D:\Altium\Project\NRF_USB\NRF_USB\Sheet1.SchDoc with AP2112 from ZGR.IntLib
Replace Part C1 Cap Semi in D:\Altium\Project\NRF_USB\NRF_USB\Sheet1.SchDoc with Cap Semi from Miscellaneous Devices.IntLib
Replace Part C2 Cap Semi in D:\Altium\Project\NRF_USB\NRF_USB\Sheet1.SchDoc with Cap Semi from Miscellaneous Devices.IntLib
Replace Part C3 Cap Semi in D:\Altium\Project\NRF_USB\NRF_USB\Sheet1.SchDoc with Cap Semi from Miscellaneous Devices.IntLib
Replace Part C4 Cap Semi in D:\Altium\Project\NRF_USB\NRF_USB\Sheet1.SchDoc with Cap Semi from Miscellaneous Devices.IntLib
Replace Part C5 Cap Semi in D:\Altium\Project\NRF_USB\NRF_USB\Sheet1.SchDoc with Cap Semi from Miscellaneous Devices.IntLib
Replace Part C6 Cap Semi in D:\Altium\Project\NRF_USB\NRF_USB\Sheet1.SchDoc with Cap Semi from Miscellaneous Devices.IntLib
Replace Part C7 Cap Semi in D:\Altium\Project\NRF_USB\NRF_USB\Sheet1.SchDoc with Cap Semi from Miscellaneous Devices.IntLib
Replace Part C8 Cap Semi in D:\Altium\Project\NRF_USB\NRF_USB\Sheet1.SchDoc with Cap Semi from Miscellaneous Devices.IntLib
Replace Part D1 Diode2 in D:\Altium\Project\NRF_USB\NRF_USB\Sheet1.SchDoc with Diode2 from ZGR.IntLib
Replace Part LED1 LED in D:\Altium\Project\NRF_USB\NRF_USB\Sheet1.SchDoc with LED from ZGR.IntLib
Replace Part LED2 LED in D:\Altium\Project\NRF_USB\NRF_USB\Sheet1.SchDoc with LED from ZGR.IntLib
Replace Part LED3 LED in D:\Altium\Project\NRF_USB\NRF_USB\Sheet1.SchDoc with LED from ZGR.IntLib
Replace Part LED4 LED in D:\Altium\Project\NRF_USB\NRF_USB\Sheet1.SchDoc with LED from ZGR.IntLib
Replace Part NRF*1 NRF24L01_module in D:\Altium\Project\NRF_USB\NRF_USB\Sheet1.SchDoc with NRF24L01_module from ZGR.IntLib
Replace Part P1 MHDR1X2 in D:\Altium\Project\NRF_USB\NRF_USB\Sheet1.SchDoc with MHDR1X2 from Miscellaneous Connectors.IntLib
Replace Part P2 MHDR1X5 in D:\Altium\Project\NRF_USB\NRF_USB\Sheet1.SchDoc with MHDR1X5 from Miscellaneous Connectors.IntLib
Replace Part R1 Res3 in D:\Altium\Project\NRF_USB\NRF_USB\Sheet1.SchDoc with Res3 from Miscellaneous Devices.IntLib
Replace Part R2 Res3 in D:\Altium\Project\NRF_USB\NRF_USB\Sheet1.SchDoc with Res3 from Miscellaneous Devices.IntLib
Replace Part R3 Res3 in D:\Altium\Project\NRF_USB\NRF_USB\Sheet1.SchDoc with Res3 from Miscellaneous Devices.IntLib
Replace Part R4 Res3 in D:\Altium\Project\NRF_USB\NRF_USB\Sheet1.SchDoc with Res3 from Miscellaneous Devices.IntLib
Replace Part R5 Res3 in D:\Altium\Project\NRF_USB\NRF_USB\Sheet1.SchDoc with Res3 from Miscellaneous Devices.IntLib
Replace Part R6 Res3 in D:\Altium\Project\NRF_USB\NRF_USB\Sheet1.SchDoc with Res3 from Miscellaneous Devices.IntLib
Replace Part RST1 Switch_Button1 in D:\Altium\Project\NRF_USB\NRF_USB\Sheet1.SchDoc with Switch_Button1 from ZGR.IntLib
Replace Part U1 NUC240SE3AE in D:\Altium\Project\NRF_USB\NRF_USB\Sheet1.SchDoc with NUC240SE3AE from NUVOTON.IntLib
Replace Part USB1 USB1 in D:\Altium\Project\NRF_USB\NRF_USB\Sheet1.SchDoc with USB1 from ZGR.IntLib
Replace Part X1 Xtal in D:\Altium\Project\NRF_USB\NRF_USB\Sheet1.SchDoc with Xtal from ZGR.IntLib
Replace Part X2 Xtal in D:\Altium\Project\NRF_USB\NRF_USB\Sheet1.SchDoc with Xtal from ZGR.IntLib
