Removed Pin From Net: NetName=GND Pin=NRF*1-1
Removed Pin From Net: NetName=GND Pin=NRF*1-2
Removed Pin From Net: NetName=GND Pin=NRF*1-2
Removed Pin From Net: NetName=GND Pin=NRF*1-2
Removed Pin From Net: NetName=NRF_CE Pin=NRF*1-3
Removed Pin From Net: NetName=SPI1_CSN Pin=NRF*1-4
Removed Pin From Net: NetName=SPI1_CLK Pin=NRF*1-5
Removed Pin From Net: NetName=SPI1_MOSI Pin=NRF*1-6
Removed Pin From Net: NetName=SPI1_MISO Pin=NRF*1-7
Removed Pin From Net: NetName=NRF_IRQ Pin=NRF*1-8
Removed Pin From Net: NetName=GND Pin=X1-
Removed Pin From Net: NetName=GND Pin=X1-
Removed Member From Class: ClassName=Sheet1 Member=NRF*1
Added Component: Designator=NRF*?(NRF24L01_Module_SMD)
Add component. Clean all parameters for all variants
Added Pin To Net: NetName=VDD_33 Pin=NRF*?-1
Added Pin To Net: NetName=GND Pin=NRF*?-2
Added Pin To Net: NetName=NRF_CE Pin=NRF*?-3
Added Pin To Net: NetName=SPI1_CSN Pin=NRF*?-4
Added Pin To Net: NetName=SPI1_CLK Pin=NRF*?-5
Added Pin To Net: NetName=SPI1_MOSI Pin=NRF*?-6
Added Pin To Net: NetName=SPI1_MISO Pin=NRF*?-7
Added Pin To Net: NetName=NRF_IRQ Pin=NRF*?-8
Added Member To Class: ClassName=Sheet1 Member=Component C1 Cap
Added Member To Class: ClassName=Sheet1 Member=Component LED3 LED
Added Member To Class: ClassName=Sheet1 Member=Component NRF*? NRF24L01
Added Member To Class: ClassName=Sheet1 Member=Component R5 Res
Added Room: Name=Sheet1
