Removed Pin From Net: NetName=NetLED1_2 Pin=R1-1
Removed Pin From Net: NetName=LED1 Pin=R1-2
Removed Pin From Net: NetName=NetLED2_2 Pin=R2-1
Removed Pin From Net: NetName=LED2 Pin=R2-2
Removed Pin From Net: NetName=NetLED3_2 Pin=R3-1
Removed Pin From Net: NetName=LED3 Pin=R3-2
Removed Pin From Net: NetName=NetLED4_2 Pin=R4-1
Removed Pin From Net: NetName=LED4 Pin=R4-2
Removed Pin From Net: NetName=VDD_33 Pin=R5-1
Removed Pin From Net: NetName=RESET Pin=R5-2
Removed Pin From Net: NetName=DVBUS Pin=R6-1
Removed Pin From Net: NetName=NetAP1_3 Pin=R6-2
Removed Member From Class: ClassName=Sheet1 Member=R1
Removed Member From Class: ClassName=Sheet1 Member=R2
Removed Member From Class: ClassName=Sheet1 Member=R3
Removed Member From Class: ClassName=Sheet1 Member=R4
Removed Member From Class: ClassName=Sheet1 Member=R5
Removed Member From Class: ClassName=Sheet1 Member=R6
Added Component: Designator=R?(RES_0603)
Add component. Clean all parameters for all variants
Add component (AddParameter): Name = "Value"; Value = "10K"; VariantName = "[No Variations]"
Added Component: Designator=R?(RES_0603)
Add component. Clean all parameters for all variants
Add component (AddParameter): Name = "Value"; Value = "1K"; VariantName = "[No Variations]"
Added Component: Designator=R?(RES_0603)
Add component. Clean all parameters for all variants
Add component (AddParameter): Name = "Value"; Value = "1K"; VariantName = "[No Variations]"
Added Component: Designator=R?(RES_0603)
Add component. Clean all parameters for all variants
Add component (AddParameter): Name = "Value"; Value = "1K"; VariantName = "[No Variations]"
Added Component: Designator=R?(RES_0603)
Add component. Clean all parameters for all variants
Add component (AddParameter): Name = "Value"; Value = "100K"; VariantName = "[No Variations]"
Added Component: Designator=R?(RES_0603)
Add component. Clean all parameters for all variants
Add component (AddParameter): Name = "Value"; Value = "1K"; VariantName = "[No Variations]"
Added Pin To Net: NetName=NetAP1_3 Pin=R?-1
Added Pin To Net: NetName=NetLED1_2 Pin=R?-1
Added Pin To Net: NetName=NetLED2_2 Pin=R?-1
Added Pin To Net: NetName=NetLED3_2 Pin=R?-1
Added Pin To Net: NetName=NetLED4_2 Pin=R?-1
Added Pin To Net: NetName=VDD_33 Pin=R?-1
Added Pin To Net: NetName=DVBUS Pin=R?-2
Added Pin To Net: NetName=LED1 Pin=R?-2
Added Pin To Net: NetName=LED2 Pin=R?-2
Added Pin To Net: NetName=LED3 Pin=R?-2
Added Pin To Net: NetName=LED4 Pin=R?-2
Added Pin To Net: NetName=RESET Pin=R?-2
Added Member To Class: ClassName=Sheet1 Member=Component C? Cap
Added Member To Class: ClassName=Sheet1 Member=Component C? Cap
Added Member To Class: ClassName=Sheet1 Member=Component C? Cap
Added Member To Class: ClassName=Sheet1 Member=Component C? Cap
Added Member To Class: ClassName=Sheet1 Member=Component C? Cap
Added Member To Class: ClassName=Sheet1 Member=Component C? Cap
Added Member To Class: ClassName=Sheet1 Member=Component R? Res
Added Member To Class: ClassName=Sheet1 Member=Component R? Res
Added Member To Class: ClassName=Sheet1 Member=Component R? Res
Added Member To Class: ClassName=Sheet1 Member=Component R? Res
Added Member To Class: ClassName=Sheet1 Member=Component R? Res
Added Member To Class: ClassName=Sheet1 Member=Component R? Res
Added Room: Name=Sheet1
