Removed Pin From Net: NetName=X32O Pin=U1-4
Removed Pin From Net: NetName=X32I Pin=U1-5
Removed Pin From Net: NetName=NetC?_2 Pin=U1-14
Removed Pin From Net: NetName=VDD_33 Pin=U1-15
Removed Pin From Net: NetName=GND Pin=U1-16
Removed Pin From Net: NetName=DVBUS Pin=U1-17
Removed Pin From Net: NetName=NetC3_1 Pin=U1-18
Removed Pin From Net: NetName=D- Pin=U1-19
Removed Pin From Net: NetName=D+ Pin=U1-20
Removed Pin From Net: NetName=UART_0_RX Pin=U1-21
Removed Pin From Net: NetName=UART_0_TX Pin=U1-22
Removed Pin From Net: NetName=LED1 Pin=U1-23
Removed Pin From Net: NetName=LED2 Pin=U1-24
Removed Pin From Net: NetName=LED3 Pin=U1-25
Removed Pin From Net: NetName=LED4 Pin=U1-26
Removed Pin From Net: NetName=SPI1_MOSI Pin=U1-33
Removed Pin From Net: NetName=SPI1_MISO Pin=U1-34
Removed Pin From Net: NetName=SPI1_CLK Pin=U1-35
Removed Pin From Net: NetName=SPI1_CSN Pin=U1-36
Removed Pin From Net: NetName=NRF_CE Pin=U1-37
Removed Pin From Net: NetName=ICE_DAT Pin=U1-41
Removed Pin From Net: NetName=ICE_CLK Pin=U1-42
Removed Pin From Net: NetName=GND Pin=U1-43
Removed Pin From Net: NetName=NRF_IRQ Pin=U1-57
Removed Pin From Net: NetName=D12O Pin=U1-58
Removed Pin From Net: NetName=D12I Pin=U1-59
Removed Pin From Net: NetName=RESET Pin=U1-60
Removed Pin From Net: NetName=GND Pin=U1-61
Removed Pin From Net: NetName=VDD_33 Pin=U1-62
Removed Pin From Net: NetName=GND Pin=U1-63
Removed Member From Class: ClassName=Sheet1 Member=U1
Added Component: Designator=U?(MCU_LQFP_64_7x7)
Add component. Clean all parameters for all variants
Add component (AddParameter): Name = "NUC240SE3AE"; Value = ""; VariantName = "[No Variations]"
Add component (AddParameter): Name = "OriginalSymbolOrigin"; Value = "(0,0)"; VariantName = "[No Variations]"
Added Pin To Net: NetName=X32O Pin=U?-4
Added Pin To Net: NetName=X32I Pin=U?-5
Added Pin To Net: NetName=NetC?_2 Pin=U?-14
Added Pin To Net: NetName=VDD_33 Pin=U?-15
Added Pin To Net: NetName=GND Pin=U?-16
Added Pin To Net: NetName=DVBUS Pin=U?-17
Added Pin To Net: NetName=NetC3_1 Pin=U?-18
Added Pin To Net: NetName=D- Pin=U?-19
Added Pin To Net: NetName=D+ Pin=U?-20
Added Pin To Net: NetName=UART_0_RX Pin=U?-21
Added Pin To Net: NetName=UART_0_TX Pin=U?-22
Added Pin To Net: NetName=LED1 Pin=U?-23
Added Pin To Net: NetName=LED2 Pin=U?-24
Added Pin To Net: NetName=LED3 Pin=U?-25
Added Pin To Net: NetName=LED4 Pin=U?-26
Added Pin To Net: NetName=SPI1_MOSI Pin=U?-33
Added Pin To Net: NetName=SPI1_MISO Pin=U?-34
Added Pin To Net: NetName=SPI1_CLK Pin=U?-35
Added Pin To Net: NetName=SPI1_CSN Pin=U?-36
Added Pin To Net: NetName=NRF_CE Pin=U?-37
Added Pin To Net: NetName=ICE_DAT Pin=U?-41
Added Pin To Net: NetName=ICE_CLK Pin=U?-42
Added Pin To Net: NetName=GND Pin=U?-43
Added Pin To Net: NetName=NRF_IRQ Pin=U?-57
Added Pin To Net: NetName=D12O Pin=U?-58
Added Pin To Net: NetName=D12I Pin=U?-59
Added Pin To Net: NetName=RESET Pin=U?-60
Added Pin To Net: NetName=GND Pin=U?-61
Added Pin To Net: NetName=VDD_33 Pin=U?-62
Added Pin To Net: NetName=GND Pin=U?-63
Added Member To Class: ClassName=Sheet1 Member=Component C? Cap
Added Member To Class: ClassName=Sheet1 Member=Component C? Cap
Added Member To Class: ClassName=Sheet1 Member=Component C? Cap
Added Member To Class: ClassName=Sheet1 Member=Component C? Cap
Added Member To Class: ClassName=Sheet1 Member=Component C? Cap
Added Member To Class: ClassName=Sheet1 Member=Component C? Cap
Added Member To Class: ClassName=Sheet1 Member=Component LED? LED
Added Member To Class: ClassName=Sheet1 Member=Component LED? LED
Added Member To Class: ClassName=Sheet1 Member=Component LED? LED
Added Member To Class: ClassName=Sheet1 Member=Component R? Res
Added Member To Class: ClassName=Sheet1 Member=Component R? Res
Added Member To Class: ClassName=Sheet1 Member=Component R? Res
Added Member To Class: ClassName=Sheet1 Member=Component R? Res
Added Member To Class: ClassName=Sheet1 Member=Component R? Res
Added Member To Class: ClassName=Sheet1 Member=Component U? NUC240SE3AE
Added Member To Class: ClassName=Sheet1 Member=Component X? Xtal
