Removed Pin From Net: NetName=D12O Pin=X1-1
Removed Pin From Net: NetName=D12I Pin=X1-2
Removed Pin From Net: NetName=X32O Pin=X2-1
Removed Pin From Net: NetName=X32I Pin=X2-2
Removed Member From Class: ClassName=Sheet1 Member=X1
Removed Member From Class: ClassName=Sheet1 Member=X2
Added Component: Designator=X?(FC-135)
Add component. Clean all parameters for all variants
Add component (AddParameter): Name = "Value"; Value = "32.768k"; VariantName = "[No Variations]"
Added Component: Designator=X?(2520S)
Add component. Clean all parameters for all variants
Add component (AddParameter): Name = "Value"; Value = "12M"; VariantName = "[No Variations]"
Added Pin To Net: NetName=D12O Pin=X?-1
Added Pin To Net: NetName=X32O Pin=X?-1
Added Pin To Net: NetName=D12I Pin=X?-2
Added Pin To Net: NetName=X32I Pin=X?-2
Added Member To Class: ClassName=Sheet1 Member=Component C? Cap
Added Member To Class: ClassName=Sheet1 Member=Component C? Cap
Added Member To Class: ClassName=Sheet1 Member=Component C? Cap
Added Member To Class: ClassName=Sheet1 Member=Component C? Cap
Added Member To Class: ClassName=Sheet1 Member=Component C? Cap
Added Member To Class: ClassName=Sheet1 Member=Component C? Cap
Added Member To Class: ClassName=Sheet1 Member=Component LED? LED
Added Member To Class: ClassName=Sheet1 Member=Component LED? LED
Added Member To Class: ClassName=Sheet1 Member=Component LED? LED
Added Member To Class: ClassName=Sheet1 Member=Component R? Res
Added Member To Class: ClassName=Sheet1 Member=Component R? Res
Added Member To Class: ClassName=Sheet1 Member=Component R? Res
Added Member To Class: ClassName=Sheet1 Member=Component R? Res
Added Member To Class: ClassName=Sheet1 Member=Component R? Res
Added Member To Class: ClassName=Sheet1 Member=Component X? Xtal
Added Member To Class: ClassName=Sheet1 Member=Component X? Xtal
Added Room: Name=Sheet1
