Removed Pin From Net: NetName=VDD_33 Pin=LED1-1
Removed Pin From Net: NetName=NetLED1_2 Pin=LED1-2
Removed Pin From Net: NetName=VDD_33 Pin=LED2-1
Removed Pin From Net: NetName=NetLED2_2 Pin=LED2-2
Removed Pin From Net: NetName=VDD_33 Pin=LED3-1
Removed Pin From Net: NetName=NetLED3_2 Pin=LED3-2
Removed Pin From Net: NetName=VDD_33 Pin=LED4-1
Removed Pin From Net: NetName=NetLED4_2 Pin=LED4-2
Removed Pin From Net: NetName=NetLED1_2 Pin=R?-1
Removed Pin From Net: NetName=NetLED2_2 Pin=R?-1
Removed Pin From Net: NetName=NetLED3_2 Pin=R?-1
Removed Pin From Net: NetName=NetLED4_2 Pin=R?-1
Removed Member From Class: ClassName=Sheet1 Member=LED1
Removed Member From Class: ClassName=Sheet1 Member=LED2
Removed Member From Class: ClassName=Sheet1 Member=LED3
Removed Member From Class: ClassName=Sheet1 Member=LED4
Added Component: Designator=LED?(SMD-0603_LED)
Add component. Clean all parameters for all variants
Added Component: Designator=LED?(SMD-0603_LED)
Add component. Clean all parameters for all variants
Added Component: Designator=LED?(SMD-0603_LED)
Add component. Clean all parameters for all variants
Added Component: Designator=LED?(SMD-0603_LED)
Add component. Clean all parameters for all variants
Added Pin To Net: NetName=VDD_33 Pin=LED?-1
Added Pin To Net: NetName=VDD_33 Pin=LED?-1
Added Pin To Net: NetName=VDD_33 Pin=LED?-1
Added Pin To Net: NetName=VDD_33 Pin=LED?-1
Added Pin To Net: NetName=NetLED1_2 Pin=LED?-2
Added Pin To Net: NetName=NetLED2_2 Pin=LED?-2
Added Pin To Net: NetName=NetLED3_2 Pin=LED?-2
Added Pin To Net: NetName=NetLED4_2 Pin=LED?-2
Added Pin To Net: NetName=NetLED1_2 Pin=R?-1
Added Pin To Net: NetName=NetLED2_2 Pin=R?-1
Added Pin To Net: NetName=NetLED3_2 Pin=R?-1
Added Pin To Net: NetName=NetLED4_2 Pin=R?-1
Change Net Name : Old Net Name=NetLED1_2 New Net Name=NetLED?_2
Change Net Name : Old Net Name=NetLED2_2 New Net Name=NetLED?_2
Change Net Name : Old Net Name=NetLED3_2 New Net Name=NetLED?_2
Change Net Name : Old Net Name=NetLED4_2 New Net Name=NetLED?_2
Added Member To Class: ClassName=Sheet1 Member=Component C? Cap
Added Member To Class: ClassName=Sheet1 Member=Component C? Cap
Added Member To Class: ClassName=Sheet1 Member=Component C? Cap
Added Member To Class: ClassName=Sheet1 Member=Component C? Cap
Added Member To Class: ClassName=Sheet1 Member=Component C? Cap
Added Member To Class: ClassName=Sheet1 Member=Component C? Cap
Added Member To Class: ClassName=Sheet1 Member=Component LED? LED
Added Member To Class: ClassName=Sheet1 Member=Component LED? LED
Added Member To Class: ClassName=Sheet1 Member=Component LED? LED
Added Member To Class: ClassName=Sheet1 Member=Component LED? LED
Added Member To Class: ClassName=Sheet1 Member=Component R? Res
Added Member To Class: ClassName=Sheet1 Member=Component R? Res
Added Member To Class: ClassName=Sheet1 Member=Component R? Res
Added Member To Class: ClassName=Sheet1 Member=Component R? Res
Added Member To Class: ClassName=Sheet1 Member=Component R? Res
Added Member To Class: ClassName=Sheet1 Member=Component R? Res
Added Room: Name=Sheet1
